<?xml version="1.0" encoding="UTF-8"?>
<testng-results skipped="0" failed="0" ignored="0" total="1" passed="1">
  <reporter-output>
  </reporter-output>
  <suite name="Suite" duration-ms="11214" started-at="2020-03-01T06:47:54Z" finished-at="2020-03-01T06:48:06Z">
    <groups>
    </groups>
    <test name="Test" duration-ms="11214" started-at="2020-03-01T06:47:54Z" finished-at="2020-03-01T06:48:06Z">
      <class name="seleniumproject.SelProj1">
        <test-method status="PASS" signature="test1()[pri:0, instance:seleniumproject.SelProj1@6f7fd0e6]" name="test1" duration-ms="11195" started-at="2020-03-01T06:47:54Z" finished-at="2020-03-01T06:48:06Z">
          <reporter-output>
          </reporter-output>
        </test-method> <!-- test1 -->
      </class> <!-- seleniumproject.SelProj1 -->
    </test> <!-- Test -->
  </suite> <!-- Suite -->
</testng-results>
